[debug] [2019-11-21T05:24:33.951Z] ----------------------------------------------------------------------
[debug] [2019-11-21T05:24:33.953Z] Command:       C:\Program Files\nodejs\node.exe C:\Users\Athziri\AppData\Roaming\npm\node_modules\firebase-tools\lib\bin\firebase.js init
[debug] [2019-11-21T05:24:33.953Z] CLI Version:   7.7.0
[debug] [2019-11-21T05:24:33.953Z] Platform:      win32
[debug] [2019-11-21T05:24:33.953Z] Node Version:  v10.16.3
[debug] [2019-11-21T05:24:33.954Z] Time:          Wed Nov 20 2019 23:24:33 GMT-0600 (GMT-06:00)
[debug] [2019-11-21T05:24:33.955Z] ----------------------------------------------------------------------
[debug] [2019-11-21T05:24:33.955Z] 
[debug] [2019-11-21T05:24:33.967Z] > command requires scopes: ["email","openid","https://www.googleapis.com/auth/cloudplatformprojects.readonly","https://www.googleapis.com/auth/firebase","https://www.googleapis.com/auth/cloud-platform"]
[debug] [2019-11-21T05:24:33.968Z] > authorizing via signed-in user
[info] 
     ######## #### ########  ######## ########     ###     ######  ########
     ##        ##  ##     ## ##       ##     ##  ##   ##  ##       ##
     ######    ##  ########  ######   ########  #########  ######  ######
     ##        ##  ##    ##  ##       ##     ## ##     ##       ## ##
     ##       #### ##     ## ######## ########  ##     ##  ######  ########

You're about to initialize a Firebase project in this directory:

  C:\Users\Athziri\Proyecto Final-RVMesas\table-reservation

Before we get started, keep in mind:

  * You are initializing in an existing Firebase project directory

[info] 
=== Project Setup
[info] 
[info] First, let's associate this project directory with a Firebase project.
[info] You can create multiple project aliases by running firebase use --add, 
[info] but for now we'll just set up a default project.
[info] 
[info] i  .firebaserc already has a default project, using q-minder.
[debug] [2019-11-21T05:24:42.052Z] >>> HTTP REQUEST GET https://firebase.googleapis.com/v1beta1/projects/q-minder  
 
[debug] [2019-11-21T05:24:42.883Z] <<< HTTP RESPONSE 200
[info] 
=== Hosting Setup
[info] 
[info] Your public directory is the folder (relative to your project directory) that
[info] will contain Hosting assets to be uploaded with firebase deploy. If you
[info] have a build process for your assets, use your build's output directory.
[info] 
[info] +  Wrote build/404.html
[debug] [2019-11-21T05:25:36.421Z] >>> HTTP REQUEST GET https://www.gstatic.com/firebasejs/releases.json  
 
[debug] [2019-11-21T05:25:36.651Z] <<< HTTP RESPONSE 200
